<?xml version="1.0" encoding="UTF-8"?>
<testsuite name="ru.stqa.mantis.tests.LoginTests" tests="1" skipped="0" failures="0" errors="0" timestamp="2023-10-24T12:28:12" hostname="ALEXEI-PC-9" time="0.67">
  <properties/>
  <testcase name="canLogin()" classname="ru.stqa.mantis.tests.LoginTests" time="0.67"/>
  <system-out><![CDATA[]]></system-out>
  <system-err><![CDATA[]]></system-err>
</testsuite>
